2025-12-07 13:21:50,161 INFO upload_media(223) Upload media request received
2025-12-07 13:21:50,289 INFO upload_media(244) Saving file 20250428_065802.mp4 to E:\chatRM\static\uploads\20251207_075150_8u7elijx.mp4
2025-12-07 13:21:50,338 INFO upload_media(246) File 20250428_065802.mp4 saved successfully
2025-12-07 13:28:00,134 INFO upload_media(223) Upload media request received
2025-12-07 13:28:00,158 INFO upload_media(244) Saving file 20250428_063952.jpg to e:\chatRM\static\uploads\20251207_075800_a4uh3pga.jpg
2025-12-07 13:28:00,165 INFO upload_media(246) File 20250428_063952.jpg saved successfully
2025-12-07 13:28:27,988 INFO upload_media(223) Upload media request received
2025-12-07 13:28:28,150 INFO upload_media(244) Saving file 20250428_063819.mp4 to e:\chatRM\static\uploads\20251207_075828_sq81qpx6.mp4
2025-12-07 13:28:28,196 INFO upload_media(246) File 20250428_063819.mp4 saved successfully
2025-12-07 13:52:26,182 INFO upload_media(223) Upload media request received
2025-12-07 13:52:26,326 INFO upload_media(244) Saving file 20250428_065802.mp4 to E:\chatRM\static\uploads\20251207_082226_xzmb35ro.mp4
2025-12-07 13:52:26,371 INFO upload_media(246) File 20250428_065802.mp4 saved successfully
2025-12-07 14:00:32,255 INFO upload_media(223) Upload media request received
2025-12-07 14:00:32,272 INFO upload_media(244) Saving file 20250428_070547.jpg to E:\chatRM\static\uploads\20251207_083032_9sy40qc7.jpg
2025-12-07 14:00:32,281 INFO upload_media(246) File 20250428_070547.jpg saved successfully
2025-12-07 14:10:15,658 INFO upload_media(223) Upload media request received
2025-12-07 14:10:15,668 INFO upload_media(244) Saving file 1000052174.jpg to E:\chatRM\static\uploads\20251207_084015_nmwddbbe.jpg
2025-12-07 14:10:15,669 INFO upload_media(246) File 1000052174.jpg saved successfully
2025-12-07 14:10:45,725 INFO upload_media(223) Upload media request received
2025-12-07 14:10:45,748 INFO upload_media(244) Saving file 1000052180.jpg to E:\chatRM\static\uploads\20251207_084045_fvmr56o8.jpg
2025-12-07 14:10:45,749 INFO upload_media(246) File 1000052180.jpg saved successfully
2025-12-07 15:24:11,687 INFO upload_media(223) Upload media request received
2025-12-07 15:24:11,727 INFO upload_media(244) Saving file 20250428_070542.jpg to e:\chatRM\static\uploads\20251207_095411_i27vysvk.jpg
2025-12-07 15:24:11,732 INFO upload_media(246) File 20250428_070542.jpg saved successfully
2025-12-07 15:25:27,194 INFO upload_media(223) Upload media request received
2025-12-07 15:25:27,228 INFO upload_media(244) Saving file 20250428_064148.jpg to e:\chatRM\static\uploads\20251207_095527_h5mfmdtr.jpg
2025-12-07 15:25:27,235 INFO upload_media(246) File 20250428_064148.jpg saved successfully
2025-12-07 15:25:40,197 INFO upload_media(223) Upload media request received
2025-12-07 15:25:40,347 INFO upload_media(244) Saving file 20250428_063819.mp4 to e:\chatRM\static\uploads\20251207_095540_ot76mlh3.mp4
2025-12-07 15:25:40,399 INFO upload_media(246) File 20250428_063819.mp4 saved successfully
2025-12-07 15:29:06,210 INFO upload_media(223) Upload media request received
2025-12-07 15:29:06,231 INFO upload_media(244) Saving file 20250428_070542.jpg to E:\chatRM\static\uploads\20251207_095906_pbtl5v14.jpg
2025-12-07 15:29:06,241 INFO upload_media(246) File 20250428_070542.jpg saved successfully
2025-12-07 23:04:46,964 INFO upload_media(223) Upload media request received
2025-12-07 23:04:46,977 INFO upload_media(244) Saving file 20250428_070547.jpg to e:\chatRM\static\uploads\20251207_173446_rtmd669l.jpg
2025-12-07 23:04:46,984 INFO upload_media(246) File 20250428_070547.jpg saved successfully
2025-12-07 23:04:59,903 INFO upload_media(223) Upload media request received
2025-12-07 23:04:59,915 INFO upload_media(244) Saving file 20250428_070547.jpg to e:\chatRM\static\uploads\20251207_173459_jminkzga.jpg
2025-12-07 23:04:59,923 INFO upload_media(246) File 20250428_070547.jpg saved successfully
2025-12-07 23:05:22,301 INFO upload_media(223) Upload media request received
2025-12-07 23:05:22,834 INFO upload_media(244) Saving file 20250428_065802.mp4 to e:\chatRM\static\uploads\20251207_173522_uwk8f2q1.mp4
2025-12-07 23:05:22,880 INFO upload_media(246) File 20250428_065802.mp4 saved successfully
2025-12-07 23:18:03,159 INFO upload_media(223) Upload media request received
2025-12-07 23:18:03,182 INFO upload_media(244) Saving file 20250428_070547.jpg to e:\chatRM\static\uploads\20251207_174803_okc8sw20.jpg
2025-12-07 23:18:03,189 INFO upload_media(246) File 20250428_070547.jpg saved successfully
2025-12-07 23:35:16,864 INFO upload_media(223) Upload media request received
2025-12-07 23:35:16,883 INFO upload_media(244) Saving file 20250428_070623.jpg to e:\chatRM\static\uploads\20251207_180516_q8a3r8eq.jpg
2025-12-07 23:35:16,888 INFO upload_media(246) File 20250428_070623.jpg saved successfully
2025-12-08 23:37:35,225 INFO upload_media(223) Upload media request received
2025-12-08 23:37:35,243 INFO upload_media(223) Upload media request received
2025-12-08 23:37:35,264 INFO upload_media(223) Upload media request received
2025-12-08 23:37:35,280 INFO upload_media(223) Upload media request received
2025-12-08 23:37:35,285 INFO upload_media(223) Upload media request received
2025-12-08 23:37:35,290 INFO upload_media(223) Upload media request received
2025-12-08 23:37:35,342 INFO upload_media(244) Saving file 1000052527.jpg to e:\chatRM\static\uploads\20251208_180735_48ly78ed.jpg
2025-12-08 23:37:35,344 INFO upload_media(246) File 1000052527.jpg saved successfully
2025-12-08 23:37:35,362 INFO upload_media(244) Saving file 1000052522.jpg to e:\chatRM\static\uploads\20251208_180735_d4t5t9do.jpg
2025-12-08 23:37:35,364 INFO upload_media(246) File 1000052522.jpg saved successfully
2025-12-08 23:37:35,404 INFO upload_media(244) Saving file 1000052524.jpg to e:\chatRM\static\uploads\20251208_180735_ougyffbb.jpg
2025-12-08 23:37:35,405 INFO upload_media(246) File 1000052524.jpg saved successfully
2025-12-08 23:37:35,425 INFO upload_media(244) Saving file 1000052526.jpg to e:\chatRM\static\uploads\20251208_180735_xxxrwl7g.jpg
2025-12-08 23:37:35,427 INFO upload_media(246) File 1000052526.jpg saved successfully
2025-12-08 23:37:35,428 INFO upload_media(244) Saving file 1000052525.jpg to e:\chatRM\static\uploads\20251208_180735_dwghc2uj.jpg
2025-12-08 23:37:35,431 INFO upload_media(246) File 1000052525.jpg saved successfully
2025-12-08 23:37:35,455 INFO upload_media(244) Saving file 1000052521.jpg to e:\chatRM\static\uploads\20251208_180735_r7uc3umm.jpg
2025-12-08 23:37:35,456 INFO upload_media(246) File 1000052521.jpg saved successfully
2025-12-09 21:55:58,517 INFO upload_media(225) Upload media request received
2025-12-09 21:55:58,519 INFO upload_media(246) Saving file voice_message.webm to e:\chatRM\static\uploads\20251209_162558_uf5hn76u.webm
2025-12-09 21:55:58,520 INFO upload_media(248) File voice_message.webm saved successfully
2025-12-09 21:58:34,963 INFO upload_media(225) Upload media request received
2025-12-09 21:58:34,964 INFO upload_media(246) Saving file voice_message.webm to e:\chatRM\static\uploads\20251209_162834_fh277nma.webm
2025-12-09 21:58:34,965 INFO upload_media(248) File voice_message.webm saved successfully
2025-12-09 22:01:33,334 INFO upload_media(225) Upload media request received
2025-12-09 22:01:33,335 INFO upload_media(246) Saving file voice_message.webm to E:\chatRM\static\uploads\20251209_163133_29g8k6pv.webm
2025-12-09 22:01:33,336 INFO upload_media(248) File voice_message.webm saved successfully
2025-12-09 22:52:26,924 INFO upload_media(225) Upload media request received
2025-12-09 22:52:26,927 ERROR upload_media(231) No file part in the request
2025-12-09 22:58:36,052 INFO upload_media(225) Upload media request received
2025-12-09 22:58:36,055 INFO upload_media(246) Saving file voice_message.webm to e:\chatRM\static\uploads\20251209_172836_ct83ybw7.webm
2025-12-09 22:58:36,057 INFO upload_media(248) File voice_message.webm saved successfully
2025-12-09 22:59:10,095 INFO upload_media(225) Upload media request received
2025-12-09 22:59:10,097 INFO upload_media(246) Saving file voice_message.webm to e:\chatRM\static\uploads\20251209_172910_k0in9cot.webm
2025-12-09 22:59:10,098 INFO upload_media(248) File voice_message.webm saved successfully
2025-12-09 23:01:35,668 INFO upload_media(225) Upload media request received
2025-12-09 23:01:35,670 INFO upload_media(246) Saving file voice_message.webm to e:\chatRM\static\uploads\20251209_173135_ggwvyzl0.webm
2025-12-09 23:01:35,671 INFO upload_media(248) File voice_message.webm saved successfully
2025-12-09 23:02:08,023 INFO upload_media(225) Upload media request received
2025-12-09 23:02:08,026 INFO upload_media(246) Saving file Screenshot_2025-12-07_124734.png to e:\chatRM\static\uploads\20251209_173208_fillwywq.png
2025-12-09 23:02:08,029 INFO upload_media(248) File Screenshot_2025-12-07_124734.png saved successfully
2025-12-10 10:56:46,026 INFO upload_media(223) Upload media request received
2025-12-10 10:56:46,048 INFO upload_media(244) Saving file Screenshot_2025-10-29_121117.png to e:\chatRM\static\uploads\20251210_052646_svi56rpc.png
2025-12-10 10:56:46,057 INFO upload_media(246) File Screenshot_2025-10-29_121117.png saved successfully
2025-12-10 10:57:21,237 INFO upload_media(223) Upload media request received
2025-12-10 10:57:21,243 INFO upload_media(244) Saving file Screenshot_2025-11-27_163246.png to e:\chatRM\static\uploads\20251210_052721_5npogymd.png
2025-12-10 10:57:21,247 INFO upload_media(246) File Screenshot_2025-11-27_163246.png saved successfully
2025-12-10 10:58:42,893 INFO upload_media(223) Upload media request received
2025-12-10 10:58:42,925 INFO upload_media(244) Saving file 20250428_064148.jpg to e:\chatRM\static\uploads\20251210_052842_4czo3bu7.jpg
2025-12-10 10:58:42,941 INFO upload_media(246) File 20250428_064148.jpg saved successfully
2025-12-10 11:04:32,041 INFO upload_media(223) Upload media request received
2025-12-10 11:04:32,267 INFO upload_media(244) Saving file 20250428_063819.mp4 to e:\chatRM\static\uploads\20251210_053432_nhordtnw.mp4
2025-12-10 11:04:32,348 INFO upload_media(246) File 20250428_063819.mp4 saved successfully
